c:\users\nobem\documents\github\ecs\entitycomponentsystem\entityco.e97ef431\x64\debug\vc143.pdb
c:\users\nobem\documents\github\ecs\entitycomponentsystem\entityco.e97ef431\x64\debug\vc143.idb
c:\users\nobem\documents\github\ecs\entitycomponentsystem\entityco.e97ef431\x64\debug\vector3.obj
c:\users\nobem\documents\github\ecs\entitycomponentsystem\entityco.e97ef431\x64\debug\program.obj
c:\users\nobem\documents\github\ecs\entitycomponentsystem\entityco.e97ef431\x64\debug\physicssystem.obj
c:\users\nobem\documents\github\ecs\entitycomponentsystem\entityco.e97ef431\x64\debug\entity.obj
c:\users\nobem\documents\github\ecs\entitycomponentsystem\entityco.e97ef431\x64\debug\ecs.obj
c:\users\nobem\documents\github\ecs\entitycomponentsystem\entityco.e97ef431\x64\debug\cvelocity.obj
c:\users\nobem\documents\github\ecs\entitycomponentsystem\entityco.e97ef431\x64\debug\ctransform.obj
c:\users\nobem\documents\github\ecs\entitycomponentsystem\entityco.e97ef431\x64\debug\component.obj
c:\users\nobem\documents\github\ecs\entitycomponentsystem\entityco.e97ef431\x64\debug\entitycomponentsystem.ilk
c:\users\nobem\documents\github\ecs\entitycomponentsystem\x64\debug\entitycomponentsystem.pdb
c:\users\nobem\documents\github\ecs\entitycomponentsystem\entityco.e97ef431\x64\debug\entityco.e97ef431.tlog\cl.command.1.tlog
c:\users\nobem\documents\github\ecs\entitycomponentsystem\entityco.e97ef431\x64\debug\entityco.e97ef431.tlog\cl.items.tlog
c:\users\nobem\documents\github\ecs\entitycomponentsystem\entityco.e97ef431\x64\debug\entityco.e97ef431.tlog\cl.read.1.tlog
c:\users\nobem\documents\github\ecs\entitycomponentsystem\entityco.e97ef431\x64\debug\entityco.e97ef431.tlog\cl.write.1.tlog
c:\users\nobem\documents\github\ecs\entitycomponentsystem\entityco.e97ef431\x64\debug\entityco.e97ef431.tlog\link-cvtres.read.1.tlog
c:\users\nobem\documents\github\ecs\entitycomponentsystem\entityco.e97ef431\x64\debug\entityco.e97ef431.tlog\link-cvtres.write.1.tlog
c:\users\nobem\documents\github\ecs\entitycomponentsystem\entityco.e97ef431\x64\debug\entityco.e97ef431.tlog\link-rc.read.1.tlog
c:\users\nobem\documents\github\ecs\entitycomponentsystem\entityco.e97ef431\x64\debug\entityco.e97ef431.tlog\link-rc.write.1.tlog
c:\users\nobem\documents\github\ecs\entitycomponentsystem\entityco.e97ef431\x64\debug\entityco.e97ef431.tlog\link.29088-cvtres.read.1.tlog
c:\users\nobem\documents\github\ecs\entitycomponentsystem\entityco.e97ef431\x64\debug\entityco.e97ef431.tlog\link.29088-cvtres.write.1.tlog
c:\users\nobem\documents\github\ecs\entitycomponentsystem\entityco.e97ef431\x64\debug\entityco.e97ef431.tlog\link.29088-rc.read.1.tlog
c:\users\nobem\documents\github\ecs\entitycomponentsystem\entityco.e97ef431\x64\debug\entityco.e97ef431.tlog\link.29088-rc.write.1.tlog
c:\users\nobem\documents\github\ecs\entitycomponentsystem\entityco.e97ef431\x64\debug\entityco.e97ef431.tlog\link.29088.read.1.tlog
c:\users\nobem\documents\github\ecs\entitycomponentsystem\entityco.e97ef431\x64\debug\entityco.e97ef431.tlog\link.29088.read.2.tlog
c:\users\nobem\documents\github\ecs\entitycomponentsystem\entityco.e97ef431\x64\debug\entityco.e97ef431.tlog\link.29088.read.3.tlog
c:\users\nobem\documents\github\ecs\entitycomponentsystem\entityco.e97ef431\x64\debug\entityco.e97ef431.tlog\link.29088.read.4.tlog
c:\users\nobem\documents\github\ecs\entitycomponentsystem\entityco.e97ef431\x64\debug\entityco.e97ef431.tlog\link.29088.write.1.tlog
c:\users\nobem\documents\github\ecs\entitycomponentsystem\entityco.e97ef431\x64\debug\entityco.e97ef431.tlog\link.command.1.tlog
c:\users\nobem\documents\github\ecs\entitycomponentsystem\entityco.e97ef431\x64\debug\entityco.e97ef431.tlog\link.read.1.tlog
c:\users\nobem\documents\github\ecs\entitycomponentsystem\entityco.e97ef431\x64\debug\entityco.e97ef431.tlog\link.read.2.tlog
c:\users\nobem\documents\github\ecs\entitycomponentsystem\entityco.e97ef431\x64\debug\entityco.e97ef431.tlog\link.read.3.tlog
c:\users\nobem\documents\github\ecs\entitycomponentsystem\entityco.e97ef431\x64\debug\entityco.e97ef431.tlog\link.read.4.tlog
c:\users\nobem\documents\github\ecs\entitycomponentsystem\entityco.e97ef431\x64\debug\entityco.e97ef431.tlog\link.secondary.1.tlog
c:\users\nobem\documents\github\ecs\entitycomponentsystem\entityco.e97ef431\x64\debug\entityco.e97ef431.tlog\link.write.1.tlog
